<?xml version="1.0" encoding="UTF-8"?>
<coverage generated="1690782118891" clover="3.2.0">
  <project timestamp="1690782118891" name="All files">
    <metrics statements="52" coveredstatements="44" conditionals="13" coveredconditionals="9" methods="17" coveredmethods="14" elements="82" coveredelements="67" complexity="0" loc="52" ncloc="52" packages="1" files="3" classes="3"/>
    <file name="EventStore.ts" path="/home/john/g/es-node-ts/event/EventStore.ts">
      <metrics statements="16" coveredstatements="15" conditionals="5" coveredconditionals="5" methods="5" coveredmethods="4"/>
      <line num="9" count="1" type="stmt"/>
      <line num="13" count="3" type="stmt"/>
      <line num="14" count="3" type="stmt"/>
      <line num="17" count="1" type="stmt"/>
      <line num="18" count="3" type="cond" truecount="1" falsecount="0"/>
      <line num="19" count="3" type="cond" truecount="1" falsecount="0"/>
      <line num="20" count="3" type="stmt"/>
      <line num="23" count="3" type="cond" truecount="1" falsecount="0"/>
      <line num="24" count="1" type="stmt"/>
      <line num="26" count="4" type="stmt"/>
      <line num="27" count="2" type="stmt"/>
      <line num="30" count="1" type="stmt"/>
      <line num="31" count="1" type="cond" truecount="2" falsecount="0"/>
      <line num="34" count="1" type="stmt"/>
      <line num="35" count="0" type="stmt"/>
      <line num="37" count="1" type="stmt"/>
    </file>
    <file name="InMemoryStore.ts" path="/home/john/g/es-node-ts/event/InMemoryStore.ts">
      <metrics statements="13" coveredstatements="11" conditionals="2" coveredconditionals="1" methods="4" coveredmethods="4"/>
      <line num="4" count="2" type="stmt"/>
      <line num="8" count="4" type="stmt"/>
      <line num="11" count="2" type="stmt"/>
      <line num="12" count="3" type="stmt"/>
      <line num="13" count="3" type="cond" truecount="1" falsecount="1"/>
      <line num="14" count="3" type="stmt"/>
      <line num="15" count="3" type="stmt"/>
      <line num="17" count="0" type="stmt"/>
      <line num="18" count="0" type="stmt"/>
      <line num="24" count="3" type="stmt"/>
      <line num="27" count="2" type="stmt"/>
      <line num="28" count="5" type="stmt"/>
      <line num="30" count="2" type="stmt"/>
    </file>
    <file name="eventRouter.ts" path="/home/john/g/es-node-ts/event/eventRouter.ts">
      <metrics statements="23" coveredstatements="18" conditionals="6" coveredconditionals="3" methods="8" coveredmethods="6"/>
      <line num="1" count="1" type="stmt"/>
      <line num="9" count="1" type="cond" truecount="0" falsecount="1"/>
      <line num="10" count="0" type="stmt"/>
      <line num="13" count="1" type="stmt"/>
      <line num="14" count="1" type="stmt"/>
      <line num="15" count="1" type="cond" truecount="2" falsecount="1"/>
      <line num="16" count="1" type="cond" truecount="1" falsecount="0"/>
      <line num="19" count="0" type="cond" truecount="0" falsecount="1"/>
      <line num="20" count="0" type="stmt"/>
      <line num="21" count="0" type="stmt"/>
      <line num="25" count="0" type="stmt"/>
      <line num="28" count="1" type="stmt"/>
      <line num="34" count="3" type="stmt"/>
      <line num="35" count="3" type="stmt"/>
      <line num="38" count="1" type="stmt"/>
      <line num="39" count="1" type="stmt"/>
      <line num="40" count="1" type="stmt"/>
      <line num="43" count="2" type="stmt"/>
      <line num="44" count="2" type="stmt"/>
      <line num="45" count="2" type="stmt"/>
      <line num="46" count="1" type="stmt"/>
      <line num="49" count="2" type="stmt"/>
      <line num="51" count="1" type="stmt"/>
    </file>
  </project>
</coverage>
