{"/home/john/g/es-node-ts/event/EventStore.ts": {"path":"/home/john/g/es-node-ts/event/EventStore.ts","statementMap":{"0":{"start":{"line":9,"column":0},"end":{"line":9,"column":13}},"1":{"start":{"line":13,"column":4},"end":{"line":13,"column":null}},"2":{"start":{"line":14,"column":4},"end":{"line":14,"column":null}},"3":{"start":{"line":17,"column":8},"end":{"line":28,"column":null}},"4":{"start":{"line":18,"column":17},"end":{"line":18,"column":null}},"5":{"start":{"line":18,"column":8},"end":{"line":18,"column":null}},"6":{"start":{"line":19,"column":4},"end":{"line":21,"column":null}},"7":{"start":{"line":20,"column":6},"end":{"line":20,"column":51}},"8":{"start":{"line":23,"column":4},"end":{"line":24,"column":51}},"9":{"start":{"line":24,"column":6},"end":{"line":24,"column":51}},"10":{"start":{"line":26,"column":4},"end":{"line":26,"column":52}},"11":{"start":{"line":27,"column":4},"end":{"line":27,"column":34}},"12":{"start":{"line":30,"column":8},"end":{"line":32,"column":null}},"13":{"start":{"line":31,"column":11},"end":{"line":31,"column":null}},"14":{"start":{"line":31,"column":4},"end":{"line":31,"column":null}},"15":{"start":{"line":34,"column":2},"end":{"line":36,"column":null}},"16":{"start":{"line":35,"column":4},"end":{"line":35,"column":null}},"17":{"start":{"line":37,"column":0},"end":{"line":37,"column":null}},"18":{"start":{"line":9,"column":13},"end":{"line":9,"column":23}}},"fnMap":{"0":{"name":"(anonymous_13)","decl":{"start":{"line":9,"column":0},"end":{"line":9,"column":13}},"loc":{"start":{"line":9,"column":0},"end":{"line":37,"column":null}}},"1":{"name":"EventStore","decl":{"start":{"line":12,"column":2},"end":{"line":12,"column":14}},"loc":{"start":{"line":12,"column":53},"end":{"line":15,"column":3}}},"2":{"name":"(anonymous_15)","decl":{"start":{"line":17,"column":2},"end":{"line":17,"column":8}},"loc":{"start":{"line":17,"column":77},"end":{"line":28,"column":null}}},"3":{"name":"(anonymous_18)","decl":{"start":{"line":30,"column":2},"end":{"line":30,"column":8}},"loc":{"start":{"line":30,"column":35},"end":{"line":32,"column":null}}},"4":{"name":"(anonymous_21)","decl":{"start":{"line":34,"column":2},"end":{"line":34,"column":18}},"loc":{"start":{"line":34,"column":72},"end":{"line":36,"column":3}}}},"branchMap":{"0":{"loc":{"start":{"line":18,"column":17},"end":{"line":18,"column":null}},"type":"switch","locations":[{"start":{"line":18,"column":17},"end":{"line":18,"column":null}}]},"1":{"loc":{"start":{"line":19,"column":4},"end":{"line":21,"column":null}},"type":"if","locations":[{"start":{"line":19,"column":4},"end":{"line":21,"column":null}}]},"2":{"loc":{"start":{"line":23,"column":4},"end":{"line":24,"column":51}},"type":"if","locations":[{"start":{"line":23,"column":4},"end":{"line":24,"column":51}}]},"3":{"loc":{"start":{"line":31,"column":11},"end":{"line":31,"column":null}},"type":"switch","locations":[{"start":{"line":31,"column":11},"end":{"line":31,"column":null}},{"start":{"line":31,"column":4},"end":{"line":31,"column":null}}]}},"s":{"0":1,"1":3,"2":3,"3":1,"4":3,"5":3,"6":3,"7":3,"8":3,"9":1,"10":4,"11":2,"12":1,"13":1,"14":1,"15":1,"16":0,"17":1,"18":1},"f":{"0":1,"1":3,"2":3,"3":1,"4":0},"b":{"0":[3],"1":[3],"2":[1],"3":[1,1]}}
,"/home/john/g/es-node-ts/event/InMemoryStore.ts": {"path":"/home/john/g/es-node-ts/event/InMemoryStore.ts","statementMap":{"0":{"start":{"line":4,"column":0},"end":{"line":4,"column":13}},"1":{"start":{"line":8,"column":8},"end":{"line":8,"column":null}},"2":{"start":{"line":11,"column":10},"end":{"line":25,"column":null}},"3":{"start":{"line":12,"column":12},"end":{"line":12,"column":46}},"4":{"start":{"line":13,"column":8},"end":{"line":22,"column":null}},"5":{"start":{"line":14,"column":12},"end":{"line":14,"column":31}},"6":{"start":{"line":15,"column":12},"end":{"line":15,"column":61}},"7":{"start":{"line":17,"column":12},"end":{"line":17,"column":50}},"8":{"start":{"line":18,"column":12},"end":{"line":21,"column":14}},"9":{"start":{"line":24,"column":8},"end":{"line":24,"column":42}},"10":{"start":{"line":27,"column":10},"end":{"line":29,"column":null}},"11":{"start":{"line":28,"column":8},"end":{"line":28,"column":40}},"12":{"start":{"line":30,"column":0},"end":{"line":30,"column":null}},"13":{"start":{"line":4,"column":13},"end":{"line":4,"column":26}}},"fnMap":{"0":{"name":"(anonymous_14)","decl":{"start":{"line":4,"column":0},"end":{"line":4,"column":13}},"loc":{"start":{"line":4,"column":0},"end":{"line":30,"column":null}}},"1":{"name":"InMemoryStore","decl":{"start":{"line":7,"column":4},"end":{"line":7,"column":null}},"loc":{"start":{"line":7,"column":4},"end":{"line":9,"column":5}}},"2":{"name":"(anonymous_16)","decl":{"start":{"line":11,"column":4},"end":{"line":11,"column":10}},"loc":{"start":{"line":11,"column":56},"end":{"line":25,"column":null}}},"3":{"name":"(anonymous_19)","decl":{"start":{"line":27,"column":4},"end":{"line":27,"column":10}},"loc":{"start":{"line":27,"column":39},"end":{"line":29,"column":null}}}},"branchMap":{"0":{"loc":{"start":{"line":13,"column":8},"end":{"line":22,"column":null}},"type":"if","locations":[{"start":{"line":13,"column":8},"end":{"line":22,"column":null}},{"start":{"line":16,"column":15},"end":{"line":22,"column":null}}]}},"s":{"0":2,"1":4,"2":2,"3":3,"4":3,"5":3,"6":3,"7":0,"8":0,"9":3,"10":2,"11":5,"12":2,"13":2},"f":{"0":2,"1":4,"2":3,"3":5},"b":{"0":[3,0]}}
,"/home/john/g/es-node-ts/event/eventRouter.ts": {"path":"/home/john/g/es-node-ts/event/eventRouter.ts","statementMap":{"0":{"start":{"line":1,"column":0},"end":{"line":1,"column":38}},"1":{"start":{"line":9,"column":2},"end":{"line":11,"column":null}},"2":{"start":{"line":10,"column":4},"end":{"line":10,"column":17}},"3":{"start":{"line":13,"column":2},"end":{"line":24,"column":null}},"4":{"start":{"line":14,"column":18},"end":{"line":14,"column":31}},"5":{"start":{"line":15,"column":4},"end":{"line":17,"column":null}},"6":{"start":{"line":16,"column":6},"end":{"line":16,"column":46}},"7":{"start":{"line":16,"column":33},"end":{"line":16,"column":46}},"8":{"start":{"line":19,"column":4},"end":{"line":23,"column":null}},"9":{"start":{"line":20,"column":6},"end":{"line":22,"column":9}},"10":{"start":{"line":21,"column":8},"end":{"line":21,"column":33}},"11":{"start":{"line":25,"column":2},"end":{"line":25,"column":14}},"12":{"start":{"line":28,"column":0},"end":{"line":28,"column":13}},"13":{"start":{"line":34,"column":4},"end":{"line":34,"column":27}},"14":{"start":{"line":35,"column":4},"end":{"line":35,"column":38}},"15":{"start":{"line":38,"column":2},"end":{"line":41,"column":null}},"16":{"start":{"line":39,"column":4},"end":{"line":39,"column":66}},"17":{"start":{"line":40,"column":4},"end":{"line":40,"column":66}},"18":{"start":{"line":43,"column":2},"end":{"line":50,"column":null}},"19":{"start":{"line":43,"column":2},"end":{"line":43,"column":12}},"20":{"start":{"line":44,"column":18},"end":{"line":44,"column":48}},"21":{"start":{"line":45,"column":25},"end":{"line":46,"column":null}},"22":{"start":{"line":46,"column":6},"end":{"line":46,"column":null}},"23":{"start":{"line":49,"column":4},"end":{"line":49,"column":61}},"24":{"start":{"line":49,"column":32},"end":{"line":49,"column":60}},"25":{"start":{"line":51,"column":0},"end":{"line":51,"column":null}},"26":{"start":{"line":28,"column":13},"end":{"line":28,"column":24}}},"fnMap":{"0":{"name":"isMatch","decl":{"start":{"line":7,"column":9},"end":{"line":7,"column":16}},"loc":{"start":{"line":7,"column":47},"end":{"line":26,"column":1}}},"1":{"name":"(anonymous_3)","decl":{"start":{"line":20,"column":24},"end":{"line":20,"column":25}},"loc":{"start":{"line":20,"column":26},"end":{"line":22,"column":7}}},"2":{"name":"(anonymous_4)","decl":{"start":{"line":28,"column":0},"end":{"line":28,"column":13}},"loc":{"start":{"line":28,"column":0},"end":{"line":51,"column":null}}},"3":{"name":"EventRouter","decl":{"start":{"line":33,"column":2},"end":{"line":33,"column":null}},"loc":{"start":{"line":33,"column":2},"end":{"line":36,"column":3}}},"4":{"name":"(anonymous_6)","decl":{"start":{"line":38,"column":2},"end":{"line":38,"column":18}},"loc":{"start":{"line":38,"column":72},"end":{"line":41,"column":3}}},"5":{"name":"(anonymous_7)","decl":{"start":{"line":43,"column":2},"end":{"line":43,"column":12}},"loc":{"start":{"line":43,"column":25},"end":{"line":50,"column":3}}},"6":{"name":"(anonymous_8)","decl":{"start":{"line":45,"column":38},"end":{"line":45,"column":39}},"loc":{"start":{"line":45,"column":40},"end":{"line":46,"column":13}}},"7":{"name":"(anonymous_9)","decl":{"start":{"line":49,"column":25},"end":{"line":49,"column":26}},"loc":{"start":{"line":49,"column":27},"end":{"line":49,"column":36}}}},"branchMap":{"0":{"loc":{"start":{"line":9,"column":2},"end":{"line":11,"column":null}},"type":"if","locations":[{"start":{"line":9,"column":2},"end":{"line":11,"column":null}}]},"1":{"loc":{"start":{"line":15,"column":4},"end":{"line":17,"column":null}},"type":"if","locations":[{"start":{"line":15,"column":4},"end":{"line":17,"column":null}}]},"2":{"loc":{"start":{"line":15,"column":8},"end":{"line":15,"column":59}},"type":"binary-expr","locations":[{"start":{"line":15,"column":8},"end":{"line":15,"column":32}},{"start":{"line":15,"column":36},"end":{"line":15,"column":59}}]},"3":{"loc":{"start":{"line":16,"column":6},"end":{"line":16,"column":46}},"type":"if","locations":[{"start":{"line":16,"column":6},"end":{"line":16,"column":46}}]},"4":{"loc":{"start":{"line":19,"column":4},"end":{"line":23,"column":null}},"type":"if","locations":[{"start":{"line":19,"column":4},"end":{"line":23,"column":null}}]}},"s":{"0":1,"1":1,"2":0,"3":1,"4":1,"5":1,"6":1,"7":1,"8":0,"9":0,"10":0,"11":0,"12":1,"13":3,"14":3,"15":1,"16":1,"17":1,"18":1,"19":2,"20":2,"21":2,"22":1,"23":2,"24":0,"25":1,"26":1},"f":{"0":1,"1":0,"2":1,"3":3,"4":1,"5":2,"6":1,"7":0},"b":{"0":[0],"1":[1],"2":[1,0],"3":[1],"4":[0]}}
}
