{"/home/john/g/es-node-ts/event/eventRouter.ts": {"path":"/home/john/g/es-node-ts/event/eventRouter.ts","statementMap":{"0":{"start":{"line":1,"column":0},"end":{"line":1,"column":38}},"1":{"start":{"line":9,"column":2},"end":{"line":11,"column":null}},"2":{"start":{"line":10,"column":4},"end":{"line":10,"column":17}},"3":{"start":{"line":13,"column":2},"end":{"line":24,"column":null}},"4":{"start":{"line":14,"column":18},"end":{"line":14,"column":31}},"5":{"start":{"line":15,"column":4},"end":{"line":17,"column":null}},"6":{"start":{"line":16,"column":6},"end":{"line":16,"column":46}},"7":{"start":{"line":16,"column":33},"end":{"line":16,"column":46}},"8":{"start":{"line":19,"column":4},"end":{"line":23,"column":null}},"9":{"start":{"line":20,"column":6},"end":{"line":22,"column":9}},"10":{"start":{"line":21,"column":8},"end":{"line":21,"column":33}},"11":{"start":{"line":25,"column":2},"end":{"line":25,"column":14}},"12":{"start":{"line":34,"column":4},"end":{"line":34,"column":27}},"13":{"start":{"line":35,"column":4},"end":{"line":35,"column":38}},"14":{"start":{"line":39,"column":4},"end":{"line":39,"column":66}},"15":{"start":{"line":40,"column":4},"end":{"line":40,"column":66}},"16":{"start":{"line":44,"column":18},"end":{"line":44,"column":48}},"17":{"start":{"line":45,"column":25},"end":{"line":46,"column":null}},"18":{"start":{"line":46,"column":6},"end":{"line":46,"column":42}},"19":{"start":{"line":49,"column":4},"end":{"line":49,"column":61}},"20":{"start":{"line":49,"column":32},"end":{"line":49,"column":59}},"21":{"start":{"line":28,"column":0},"end":{"line":28,"column":13}}},"fnMap":{"0":{"name":"isMatch","decl":{"start":{"line":7,"column":9},"end":{"line":7,"column":16}},"loc":{"start":{"line":7,"column":47},"end":{"line":26,"column":1}}},"1":{"name":"(anonymous_1)","decl":{"start":{"line":20,"column":24},"end":{"line":20,"column":25}},"loc":{"start":{"line":20,"column":30},"end":{"line":22,"column":7}}},"2":{"name":"(anonymous_2)","decl":{"start":{"line":33,"column":2},"end":{"line":33,"column":null}},"loc":{"start":{"line":33,"column":2},"end":{"line":36,"column":3}}},"3":{"name":"(anonymous_3)","decl":{"start":{"line":38,"column":2},"end":{"line":38,"column":18}},"loc":{"start":{"line":38,"column":72},"end":{"line":41,"column":3}}},"4":{"name":"(anonymous_4)","decl":{"start":{"line":43,"column":2},"end":{"line":43,"column":12}},"loc":{"start":{"line":43,"column":25},"end":{"line":50,"column":3}}},"5":{"name":"(anonymous_5)","decl":{"start":{"line":45,"column":38},"end":{"line":45,"column":39}},"loc":{"start":{"line":46,"column":6},"end":{"line":46,"column":42}}},"6":{"name":"(anonymous_6)","decl":{"start":{"line":49,"column":25},"end":{"line":49,"column":26}},"loc":{"start":{"line":49,"column":32},"end":{"line":49,"column":59}}}},"branchMap":{"0":{"loc":{"start":{"line":9,"column":2},"end":{"line":11,"column":null}},"type":"if","locations":[{"start":{"line":9,"column":2},"end":{"line":11,"column":null}}]},"1":{"loc":{"start":{"line":15,"column":4},"end":{"line":17,"column":null}},"type":"if","locations":[{"start":{"line":15,"column":4},"end":{"line":17,"column":null}}]},"2":{"loc":{"start":{"line":15,"column":8},"end":{"line":15,"column":59}},"type":"binary-expr","locations":[{"start":{"line":15,"column":8},"end":{"line":15,"column":32}},{"start":{"line":15,"column":36},"end":{"line":15,"column":59}}]},"3":{"loc":{"start":{"line":16,"column":6},"end":{"line":16,"column":46}},"type":"if","locations":[{"start":{"line":16,"column":6},"end":{"line":16,"column":46}}]},"4":{"loc":{"start":{"line":19,"column":4},"end":{"line":23,"column":null}},"type":"if","locations":[{"start":{"line":19,"column":4},"end":{"line":23,"column":null}}]}},"s":{"0":1,"1":10,"2":0,"3":10,"4":10,"5":10,"6":5,"7":1,"8":9,"9":5,"10":8,"11":4,"12":5,"13":5,"14":6,"15":6,"16":9,"17":9,"18":10,"19":9,"20":8,"21":1},"f":{"0":10,"1":8,"2":5,"3":6,"4":9,"5":10,"6":8},"b":{"0":[0],"1":[5],"2":[10,5],"3":[1],"4":[5]}}
}
