TN:
SF:event/eventRouter.ts
FN:7,isMatch
FN:20,(anonymous_1)
FN:33,(anonymous_2)
FN:38,(anonymous_3)
FN:43,(anonymous_4)
FN:45,(anonymous_5)
FN:49,(anonymous_6)
FNF:7
FNH:7
FNDA:10,isMatch
FNDA:8,(anonymous_1)
FNDA:5,(anonymous_2)
FNDA:6,(anonymous_3)
FNDA:9,(anonymous_4)
FNDA:10,(anonymous_5)
FNDA:8,(anonymous_6)
DA:1,1
DA:9,10
DA:10,0
DA:13,10
DA:14,10
DA:15,10
DA:16,5
DA:19,9
DA:20,5
DA:21,8
DA:25,4
DA:28,1
DA:34,5
DA:35,5
DA:39,6
DA:40,6
DA:44,9
DA:45,9
DA:46,10
DA:49,9
LF:20
LH:19
BRDA:9,0,0,0
BRDA:15,1,0,5
BRDA:15,2,0,10
BRDA:15,2,1,5
BRDA:16,3,0,1
BRDA:19,4,0,5
BRF:6
BRH:5
end_of_record
