TN:
SF:event/EventStore.ts
FN:9,(anonymous_13)
FN:12,EventStore
FN:17,(anonymous_15)
FN:30,(anonymous_18)
FN:34,(anonymous_21)
FNF:5
FNH:4
FNDA:1,(anonymous_13)
FNDA:3,EventStore
FNDA:3,(anonymous_15)
FNDA:1,(anonymous_18)
FNDA:0,(anonymous_21)
DA:9,1
DA:13,3
DA:14,3
DA:17,1
DA:18,3
DA:19,3
DA:20,3
DA:23,3
DA:24,1
DA:26,4
DA:27,2
DA:30,1
DA:31,1
DA:34,1
DA:35,0
DA:37,1
LF:16
LH:15
BRDA:18,0,0,3
BRDA:19,1,0,3
BRDA:23,2,0,1
BRDA:31,3,0,1
BRDA:31,3,1,1
BRF:5
BRH:5
end_of_record
TN:
SF:event/InMemoryStore.ts
FN:4,(anonymous_14)
FN:7,InMemoryStore
FN:11,(anonymous_16)
FN:27,(anonymous_19)
FNF:4
FNH:4
FNDA:2,(anonymous_14)
FNDA:4,InMemoryStore
FNDA:3,(anonymous_16)
FNDA:5,(anonymous_19)
DA:4,2
DA:8,4
DA:11,2
DA:12,3
DA:13,3
DA:14,3
DA:15,3
DA:17,0
DA:18,0
DA:24,3
DA:27,2
DA:28,5
DA:30,2
LF:13
LH:11
BRDA:13,0,0,3
BRDA:13,0,1,0
BRF:2
BRH:1
end_of_record
TN:
SF:event/eventRouter.ts
FN:7,isMatch
FN:20,(anonymous_3)
FN:28,(anonymous_4)
FN:33,EventRouter
FN:38,(anonymous_6)
FN:43,(anonymous_7)
FN:45,(anonymous_8)
FN:49,(anonymous_9)
FNF:8
FNH:6
FNDA:1,isMatch
FNDA:0,(anonymous_3)
FNDA:1,(anonymous_4)
FNDA:3,EventRouter
FNDA:1,(anonymous_6)
FNDA:2,(anonymous_7)
FNDA:1,(anonymous_8)
FNDA:0,(anonymous_9)
DA:1,1
DA:9,1
DA:10,0
DA:13,1
DA:14,1
DA:15,1
DA:16,1
DA:19,0
DA:20,0
DA:21,0
DA:25,0
DA:28,1
DA:34,3
DA:35,3
DA:38,1
DA:39,1
DA:40,1
DA:43,2
DA:44,2
DA:45,2
DA:46,1
DA:49,2
DA:51,1
LF:23
LH:18
BRDA:9,0,0,0
BRDA:15,1,0,1
BRDA:15,2,0,1
BRDA:15,2,1,0
BRDA:16,3,0,1
BRDA:19,4,0,0
BRF:6
BRH:3
end_of_record
